/home/ibrahim/Documents/KuLeuven/Engineering/Master/1e_fase/2e_semester/Machine_Learning_Project/MARL
Creating game: dots_and_boxes(num_rows=3,num_cols=6)
possible_actions
[29, 11]
BEGIN
action : (<CellOrientation.VERTICAL: 2>, 0, 5) or 29
BEGIN on depth 8
possible actions : [11]
maximum player trying to consider the following action.
action: (<CellOrientation.HORIZONTAL: 1>, 1, 5)
BEGIN on depth 7
possible actions : [17]
maximum player trying to consider the following action.
action: (<CellOrientation.HORIZONTAL: 1>, 2, 5)
BEGIN on depth 6
possible actions : [1, 7, 16, 22, 33, 34, 35]
maximum player trying to consider the following action.
action: (<CellOrientation.HORIZONTAL: 1>, 0, 1)
BEGIN on depth 5
possible actions : [7]
minimum player trying to consider the following action.
action: (<CellOrientation.HORIZONTAL: 1>, 1, 1)
BEGIN on depth 4
possible actions : [33]
minimum player trying to consider the following action.
action: (<CellOrientation.VERTICAL: 2>, 1, 2)
BEGIN on depth 3
possible actions : [34]
minimum player trying to consider the following action.
action: (<CellOrientation.VERTICAL: 2>, 1, 3)
BEGIN on depth 2
possible actions : [35]
minimum player trying to consider the following action.
action: (<CellOrientation.VERTICAL: 2>, 1, 4)
BEGIN on depth 1
possible actions : [16]
minimum player trying to consider the following action.
action: (<CellOrientation.HORIZONTAL: 1>, 2, 4)
Depth bound reached:
┌───┬───┬───┬───┬───┬───┐
│ 2 │ 1 │ 2 │ 2 │ 2 │ 2 │
├───┼───┼───┼───┼───┼───┤
│ 2 │ 1 │ 1 │ 1 │ 1 │ 2 │
├───┼───┼───┼───┼───┼───┤
│ 2 │ 2 │ 2 │ 2 │   │ 2 │
└───┴───┴───┴───┴╴ ╶┴───┘
 on depth 0
eval_maximze_difference
┌───┬───┬───┬───┬───┬───┐
│ 2 │ 1 │ 2 │ 2 │ 2 │ 2 │
├───┼───┼───┼───┼───┼───┤
│ 2 │ 1 │ 1 │ 1 │ 1 │ 2 │
├───┼───┼───┼───┼───┼───┤
│ 2 │ 2 │ 2 │ 2 │   │ 2 │
└───┴───┴───┴───┴╴ ╶┴───┘

points_max_player : 12.0
points_min_player: 5.0
difference: 7.0
end eval fucntie
value of child of minimum player with action : 7.0 and (<CellOrientation.HORIZONTAL: 1>, 2, 4) and action 16
END on depth 1
value of child of minimum player with action : 7.0 and (<CellOrientation.VERTICAL: 2>, 1, 4) and action 35
END on depth 2
value of child of minimum player with action : 7.0 and (<CellOrientation.VERTICAL: 2>, 1, 3) and action 34
END on depth 3
value of child of minimum player with action : 7.0 and (<CellOrientation.VERTICAL: 2>, 1, 2) and action 33
END on depth 4
value of child of minimum player with action : 7.0 and (<CellOrientation.HORIZONTAL: 1>, 1, 1) and action 7
END on depth 5
value of child of maximum player with action : 7.0 and (<CellOrientation.HORIZONTAL: 1>, 0, 1), action: 1
maximum player trying to consider the following action.
action: (<CellOrientation.HORIZONTAL: 1>, 1, 1)
BEGIN on depth 5
possible actions : [1]
minimum player trying to consider the following action.
action: (<CellOrientation.HORIZONTAL: 1>, 0, 1)
State was already in cache.
┌───┬───┬───┬───┬───┬───┐
│ 2 │ 1 │ 2 │ 2 │ 2 │ 2 │
├───┼───┼───┼───┼───┼───┤
│ 2 │               │ 2 │
├───┼───┼───┼───┼╴ ╶┼───┤
│ 2 │ 2 │ 2 │ 2 │   │ 2 │
└───┴───┴───┴───┴╴ ╶┴───┘

cache at depth 4 utilised
value of child of minimum player with action : 7.0 and (<CellOrientation.HORIZONTAL: 1>, 0, 1) and action 1
END on depth 5
value of child of maximum player with action : 7.0 and (<CellOrientation.HORIZONTAL: 1>, 1, 1), action: 7
maximum player trying to consider the following action.
action: (<CellOrientation.HORIZONTAL: 1>, 2, 4)
BEGIN on depth 5
possible actions : [22]
minimum player trying to consider the following action.
action: (<CellOrientation.HORIZONTAL: 1>, 3, 4)
BEGIN on depth 4
possible actions : [35]
minimum player trying to consider the following action.
action: (<CellOrientation.VERTICAL: 2>, 1, 4)
BEGIN on depth 3
possible actions : [34]
minimum player trying to consider the following action.
action: (<CellOrientation.VERTICAL: 2>, 1, 3)
BEGIN on depth 2
possible actions : [33]
minimum player trying to consider the following action.
action: (<CellOrientation.VERTICAL: 2>, 1, 2)
BEGIN on depth 1
possible actions : [7]
minimum player trying to consider the following action.
action: (<CellOrientation.HORIZONTAL: 1>, 1, 1)
Depth bound reached:
┌───┬╴ ╶┬───┬───┬───┬───┐
│ 2 │   │ 2 │ 2 │ 2 │ 2 │
├───┼───┼───┼───┼───┼───┤
│ 2 │ 1 │ 1 │ 1 │ 1 │ 2 │
├───┼───┼───┼───┼───┼───┤
│ 2 │ 2 │ 2 │ 2 │ 1 │ 2 │
└───┴───┴───┴───┴───┴───┘
 on depth 0
eval_maximze_difference
┌───┬╴ ╶┬───┬───┬───┬───┐
│ 2 │   │ 2 │ 2 │ 2 │ 2 │
├───┼───┼───┼───┼───┼───┤
│ 2 │ 1 │ 1 │ 1 │ 1 │ 2 │
├───┼───┼───┼───┼───┼───┤
│ 2 │ 2 │ 2 │ 2 │ 1 │ 2 │
└───┴───┴───┴───┴───┴───┘

points_max_player : 12.0
points_min_player: 5.0
difference: 7.0
end eval fucntie
value of child of minimum player with action : 7.0 and (<CellOrientation.HORIZONTAL: 1>, 1, 1) and action 7
END on depth 1
value of child of minimum player with action : 7.0 and (<CellOrientation.VERTICAL: 2>, 1, 2) and action 33
END on depth 2
value of child of minimum player with action : 7.0 and (<CellOrientation.VERTICAL: 2>, 1, 3) and action 34
END on depth 3
value of child of minimum player with action : 7.0 and (<CellOrientation.VERTICAL: 2>, 1, 4) and action 35
END on depth 4
value of child of minimum player with action : 7.0 and (<CellOrientation.HORIZONTAL: 1>, 3, 4) and action 22
END on depth 5
value of child of maximum player with action : 7.0 and (<CellOrientation.HORIZONTAL: 1>, 2, 4), action: 16
maximum player trying to consider the following action.
action: (<CellOrientation.HORIZONTAL: 1>, 3, 4)
BEGIN on depth 5
possible actions : [16]
minimum player trying to consider the following action.
action: (<CellOrientation.HORIZONTAL: 1>, 2, 4)
State was already in cache.
┌───┬╴ ╶┬───┬───┬───┬───┐
│ 2 │   │ 2 │ 2 │ 2 │ 2 │
├───┼╴ ╶┼───┼───┼───┼───┤
│ 2 │               │ 2 │
├───┼───┼───┼───┼───┼───┤
│ 2 │ 2 │ 2 │ 2 │ 1 │ 2 │
└───┴───┴───┴───┴───┴───┘

cache at depth 4 utilised
value of child of minimum player with action : 7.0 and (<CellOrientation.HORIZONTAL: 1>, 2, 4) and action 16
END on depth 5
value of child of maximum player with action : 7.0 and (<CellOrientation.HORIZONTAL: 1>, 3, 4), action: 22
maximum player trying to consider the following action.
action: (<CellOrientation.VERTICAL: 2>, 1, 2)
BEGIN on depth 5
possible actions : [7]
minimum player trying to consider the following action.
action: (<CellOrientation.HORIZONTAL: 1>, 1, 1)
BEGIN on depth 4
possible actions : [1]
minimum player trying to consider the following action.
action: (<CellOrientation.HORIZONTAL: 1>, 0, 1)
State was already in cache.
┌───┬───┬───┬───┬───┬───┐
│ 2 │ 1 │ 2 │ 2 │ 2 │ 2 │
├───┼───┼───┼───┼───┼───┤
│ 2 │ 1 │           │ 2 │
├───┼───┼───┼───┼╴ ╶┼───┤
│ 2 │ 2 │ 2 │ 2 │   │ 2 │
└───┴───┴───┴───┴╴ ╶┴───┘

cache at depth 3 utilised
value of child of minimum player with action : 7.0 and (<CellOrientation.HORIZONTAL: 1>, 0, 1) and action 1
END on depth 4
value of child of minimum player with action : 7.0 and (<CellOrientation.HORIZONTAL: 1>, 1, 1) and action 7
END on depth 5
value of child of maximum player with action : 7.0 and (<CellOrientation.VERTICAL: 2>, 1, 2), action: 33
maximum player trying to consider the following action.
action: (<CellOrientation.VERTICAL: 2>, 1, 3)
BEGIN on depth 5
possible actions : [33]
minimum player trying to consider the following action.
action: (<CellOrientation.VERTICAL: 2>, 1, 2)
BEGIN on depth 4
possible actions : [7]
minimum player trying to consider the following action.
action: (<CellOrientation.HORIZONTAL: 1>, 1, 1)
BEGIN on depth 3
possible actions : [1]
minimum player trying to consider the following action.
action: (<CellOrientation.HORIZONTAL: 1>, 0, 1)
State was already in cache.
┌───┬───┬───┬───┬───┬───┐
│ 2 │ 1 │ 2 │ 2 │ 2 │ 2 │
├───┼───┼───┼───┼───┼───┤
│ 2 │ 1 │ 1 │       │ 2 │
├───┼───┼───┼───┼╴ ╶┼───┤
│ 2 │ 2 │ 2 │ 2 │   │ 2 │
└───┴───┴───┴───┴╴ ╶┴───┘

cache at depth 2 utilised
value of child of minimum player with action : 7.0 and (<CellOrientation.HORIZONTAL: 1>, 0, 1) and action 1
END on depth 3
value of child of minimum player with action : 7.0 and (<CellOrientation.HORIZONTAL: 1>, 1, 1) and action 7
END on depth 4
value of child of minimum player with action : 7.0 and (<CellOrientation.VERTICAL: 2>, 1, 2) and action 33
END on depth 5
value of child of maximum player with action : 7.0 and (<CellOrientation.VERTICAL: 2>, 1, 3), action: 34
maximum player trying to consider the following action.
action: (<CellOrientation.VERTICAL: 2>, 1, 4)
BEGIN on depth 5
possible actions : [34]
minimum player trying to consider the following action.
action: (<CellOrientation.VERTICAL: 2>, 1, 3)
BEGIN on depth 4
possible actions : [33]
minimum player trying to consider the following action.
action: (<CellOrientation.VERTICAL: 2>, 1, 2)
BEGIN on depth 3
possible actions : [7]
minimum player trying to consider the following action.
action: (<CellOrientation.HORIZONTAL: 1>, 1, 1)
BEGIN on depth 2
possible actions : [1]
minimum player trying to consider the following action.
action: (<CellOrientation.HORIZONTAL: 1>, 0, 1)
State was already in cache.
┌───┬───┬───┬───┬───┬───┐
│ 2 │ 1 │ 2 │ 2 │ 2 │ 2 │
├───┼───┼───┼───┼───┼───┤
│ 2 │ 1 │ 1 │ 1 │   │ 2 │
├───┼───┼───┼───┼╴ ╶┼───┤
│ 2 │ 2 │ 2 │ 2 │   │ 2 │
└───┴───┴───┴───┴╴ ╶┴───┘

cache at depth 1 utilised
value of child of minimum player with action : 7.0 and (<CellOrientation.HORIZONTAL: 1>, 0, 1) and action 1
END on depth 2
value of child of minimum player with action : 7.0 and (<CellOrientation.HORIZONTAL: 1>, 1, 1) and action 7
END on depth 3
value of child of minimum player with action : 7.0 and (<CellOrientation.VERTICAL: 2>, 1, 2) and action 33
END on depth 4
value of child of minimum player with action : 7.0 and (<CellOrientation.VERTICAL: 2>, 1, 3) and action 34
END on depth 5
value of child of maximum player with action : 7.0 and (<CellOrientation.VERTICAL: 2>, 1, 4), action: 35
END on depth 6
value of child of maximum player with action : 7.0 and (<CellOrientation.HORIZONTAL: 1>, 2, 5), action: 17
END on depth 7
value of child of maximum player with action : 7.0 and (<CellOrientation.HORIZONTAL: 1>, 1, 5), action: 11
END on depth 8
child_value : 7.0
END

BEGIN
action : (<CellOrientation.HORIZONTAL: 1>, 1, 5) or 11
BEGIN on depth 8
possible actions : [29]
minimum player trying to consider the following action.
action: (<CellOrientation.VERTICAL: 2>, 0, 5)
BEGIN on depth 7
possible actions : [17]
minimum player trying to consider the following action.
action: (<CellOrientation.HORIZONTAL: 1>, 2, 5)
BEGIN on depth 6
possible actions : [1, 7, 16, 22, 33, 34, 35]
minimum player trying to consider the following action.
action: (<CellOrientation.HORIZONTAL: 1>, 0, 1)
BEGIN on depth 5
possible actions : [7]
maximum player trying to consider the following action.
action: (<CellOrientation.HORIZONTAL: 1>, 1, 1)
BEGIN on depth 4
possible actions : [33]
maximum player trying to consider the following action.
action: (<CellOrientation.VERTICAL: 2>, 1, 2)
BEGIN on depth 3
possible actions : [34]
maximum player trying to consider the following action.
action: (<CellOrientation.VERTICAL: 2>, 1, 3)
BEGIN on depth 2
possible actions : [35]
maximum player trying to consider the following action.
action: (<CellOrientation.VERTICAL: 2>, 1, 4)
State was already in cache.
┌───┬───┬───┬───┬───┬───┐
│ 2 │ 2 │ 2 │ 2 │ 1 │ 1 │
├───┼───┼───┼───┼───┼───┤
│ 2 │ 2 │ 2 │ 2 │   │ 1 │
├───┼───┼───┼───┼╴ ╶┼───┤
│ 2 │ 2 │ 2 │ 2 │   │ 1 │
└───┴───┴───┴───┴╴ ╶┴───┘

cache at depth 1 utilised
value of child of maximum player with action : 7.0 and (<CellOrientation.VERTICAL: 2>, 1, 4), action: 35
END on depth 2
value of child of maximum player with action : 7.0 and (<CellOrientation.VERTICAL: 2>, 1, 3), action: 34
END on depth 3
value of child of maximum player with action : 7.0 and (<CellOrientation.VERTICAL: 2>, 1, 2), action: 33
END on depth 4
value of child of maximum player with action : 7.0 and (<CellOrientation.HORIZONTAL: 1>, 1, 1), action: 7
END on depth 5
value of child of minimum player with action : 7.0 and (<CellOrientation.HORIZONTAL: 1>, 0, 1) and action 1
minimum player trying to consider the following action.
action: (<CellOrientation.HORIZONTAL: 1>, 1, 1)
BEGIN on depth 5
possible actions : [1]
maximum player trying to consider the following action.
action: (<CellOrientation.HORIZONTAL: 1>, 0, 1)
State was already in cache.
┌───┬───┬───┬───┬───┬───┐
│ 2 │ 2 │ 2 │ 2 │ 1 │ 1 │
├───┼───┼───┼───┼───┼───┤
│ 2 │               │ 1 │
├───┼───┼───┼───┼╴ ╶┼───┤
│ 2 │ 2 │ 2 │ 2 │   │ 1 │
└───┴───┴───┴───┴╴ ╶┴───┘

cache at depth 4 utilised
value of child of maximum player with action : 7.0 and (<CellOrientation.HORIZONTAL: 1>, 0, 1), action: 1
END on depth 5
value of child of minimum player with action : 7.0 and (<CellOrientation.HORIZONTAL: 1>, 1, 1) and action 7
minimum player trying to consider the following action.
action: (<CellOrientation.HORIZONTAL: 1>, 2, 4)
BEGIN on depth 5
possible actions : [22]
maximum player trying to consider the following action.
action: (<CellOrientation.HORIZONTAL: 1>, 3, 4)
BEGIN on depth 4
possible actions : [35]
maximum player trying to consider the following action.
action: (<CellOrientation.VERTICAL: 2>, 1, 4)
BEGIN on depth 3
possible actions : [34]
maximum player trying to consider the following action.
action: (<CellOrientation.VERTICAL: 2>, 1, 3)
BEGIN on depth 2
possible actions : [33]
maximum player trying to consider the following action.
action: (<CellOrientation.VERTICAL: 2>, 1, 2)
State was already in cache.
┌───┬╴ ╶┬───┬───┬───┬───┐
│ 2 │   │ 2 │ 2 │ 1 │ 1 │
├───┼╴ ╶┼───┼───┼───┼───┤
│ 2 │   │ 2 │ 2 │ 2 │ 1 │
├───┼───┼───┼───┼───┼───┤
│ 2 │ 2 │ 2 │ 2 │ 2 │ 1 │
└───┴───┴───┴───┴───┴───┘

cache at depth 1 utilised
value of child of maximum player with action : 7.0 and (<CellOrientation.VERTICAL: 2>, 1, 2), action: 33
END on depth 2
value of child of maximum player with action : 7.0 and (<CellOrientation.VERTICAL: 2>, 1, 3), action: 34
END on depth 3
value of child of maximum player with action : 7.0 and (<CellOrientation.VERTICAL: 2>, 1, 4), action: 35
END on depth 4
value of child of maximum player with action : 7.0 and (<CellOrientation.HORIZONTAL: 1>, 3, 4), action: 22
END on depth 5
value of child of minimum player with action : 7.0 and (<CellOrientation.HORIZONTAL: 1>, 2, 4) and action 16
minimum player trying to consider the following action.
action: (<CellOrientation.HORIZONTAL: 1>, 3, 4)
BEGIN on depth 5
possible actions : [16]
maximum player trying to consider the following action.
action: (<CellOrientation.HORIZONTAL: 1>, 2, 4)
State was already in cache.
┌───┬╴ ╶┬───┬───┬───┬───┐
│ 2 │   │ 2 │ 2 │ 1 │ 1 │
├───┼╴ ╶┼───┼───┼───┼───┤
│ 2 │               │ 1 │
├───┼───┼───┼───┼───┼───┤
│ 2 │ 2 │ 2 │ 2 │ 2 │ 1 │
└───┴───┴───┴───┴───┴───┘

cache at depth 4 utilised
value of child of maximum player with action : 7.0 and (<CellOrientation.HORIZONTAL: 1>, 2, 4), action: 16
END on depth 5
value of child of minimum player with action : 7.0 and (<CellOrientation.HORIZONTAL: 1>, 3, 4) and action 22
minimum player trying to consider the following action.
action: (<CellOrientation.VERTICAL: 2>, 1, 2)
BEGIN on depth 5
possible actions : [7]
maximum player trying to consider the following action.
action: (<CellOrientation.HORIZONTAL: 1>, 1, 1)
BEGIN on depth 4
possible actions : [1]
maximum player trying to consider the following action.
action: (<CellOrientation.HORIZONTAL: 1>, 0, 1)
State was already in cache.
┌───┬───┬───┬───┬───┬───┐
│ 2 │ 2 │ 2 │ 2 │ 1 │ 1 │
├───┼───┼───┼───┼───┼───┤
│ 2 │ 2 │           │ 1 │
├───┼───┼───┼───┼╴ ╶┼───┤
│ 2 │ 2 │ 2 │ 2 │   │ 1 │
└───┴───┴───┴───┴╴ ╶┴───┘

cache at depth 3 utilised
value of child of maximum player with action : 7.0 and (<CellOrientation.HORIZONTAL: 1>, 0, 1), action: 1
END on depth 4
value of child of maximum player with action : 7.0 and (<CellOrientation.HORIZONTAL: 1>, 1, 1), action: 7
END on depth 5
value of child of minimum player with action : 7.0 and (<CellOrientation.VERTICAL: 2>, 1, 2) and action 33
minimum player trying to consider the following action.
action: (<CellOrientation.VERTICAL: 2>, 1, 3)
BEGIN on depth 5
possible actions : [33]
maximum player trying to consider the following action.
action: (<CellOrientation.VERTICAL: 2>, 1, 2)
BEGIN on depth 4
possible actions : [7]
maximum player trying to consider the following action.
action: (<CellOrientation.HORIZONTAL: 1>, 1, 1)
BEGIN on depth 3
possible actions : [1]
maximum player trying to consider the following action.
action: (<CellOrientation.HORIZONTAL: 1>, 0, 1)
State was already in cache.
┌───┬───┬───┬───┬───┬───┐
│ 2 │ 2 │ 2 │ 2 │ 1 │ 1 │
├───┼───┼───┼───┼───┼───┤
│ 2 │ 2 │ 2 │       │ 1 │
├───┼───┼───┼───┼╴ ╶┼───┤
│ 2 │ 2 │ 2 │ 2 │   │ 1 │
└───┴───┴───┴───┴╴ ╶┴───┘

cache at depth 2 utilised
value of child of maximum player with action : 7.0 and (<CellOrientation.HORIZONTAL: 1>, 0, 1), action: 1
END on depth 3
value of child of maximum player with action : 7.0 and (<CellOrientation.HORIZONTAL: 1>, 1, 1), action: 7
END on depth 4
value of child of maximum player with action : 7.0 and (<CellOrientation.VERTICAL: 2>, 1, 2), action: 33
END on depth 5
value of child of minimum player with action : 7.0 and (<CellOrientation.VERTICAL: 2>, 1, 3) and action 34
minimum player trying to consider the following action.
action: (<CellOrientation.VERTICAL: 2>, 1, 4)
BEGIN on depth 5
possible actions : [34]
maximum player trying to consider the following action.
action: (<CellOrientation.VERTICAL: 2>, 1, 3)
BEGIN on depth 4
possible actions : [33]
maximum player trying to consider the following action.
action: (<CellOrientation.VERTICAL: 2>, 1, 2)
BEGIN on depth 3
possible actions : [7]
maximum player trying to consider the following action.
action: (<CellOrientation.HORIZONTAL: 1>, 1, 1)
BEGIN on depth 2
possible actions : [1]
maximum player trying to consider the following action.
action: (<CellOrientation.HORIZONTAL: 1>, 0, 1)
State was already in cache.
┌───┬───┬───┬───┬───┬───┐
│ 2 │ 2 │ 2 │ 2 │ 1 │ 1 │
├───┼───┼───┼───┼───┼───┤
│ 2 │ 2 │ 2 │ 2 │   │ 1 │
├───┼───┼───┼───┼╴ ╶┼───┤
│ 2 │ 2 │ 2 │ 2 │   │ 1 │
└───┴───┴───┴───┴╴ ╶┴───┘

cache at depth 1 utilised
value of child of maximum player with action : 7.0 and (<CellOrientation.HORIZONTAL: 1>, 0, 1), action: 1
END on depth 2
value of child of maximum player with action : 7.0 and (<CellOrientation.HORIZONTAL: 1>, 1, 1), action: 7
END on depth 3
value of child of maximum player with action : 7.0 and (<CellOrientation.VERTICAL: 2>, 1, 2), action: 33
END on depth 4
value of child of maximum player with action : 7.0 and (<CellOrientation.VERTICAL: 2>, 1, 3), action: 34
END on depth 5
value of child of minimum player with action : 7.0 and (<CellOrientation.VERTICAL: 2>, 1, 4) and action 35
END on depth 6
value of child of minimum player with action : 7.0 and (<CellOrientation.HORIZONTAL: 1>, 2, 5) and action 17
END on depth 7
value of child of minimum player with action : 7.0 and (<CellOrientation.VERTICAL: 2>, 0, 5) and action 29
END on depth 8
child_value : 7.0
END
next recommended action: 
29
the minimax value
7.0
Player 2 wins.
Applying the recommended action to the state
┌───┬╴ ╶┬───┬───┬───┬───┐
│ 2 │   │ 2 │ 2 │ 2 │   │
├───┼╴ ╶┼───┼───┼───┼╴ ╶┤
│ 2 │               │   │
├───┼───┼───┼───┼╴ ╶┼╴ ╶┤
│ 2 │ 2 │ 2 │ 2 │   │   │
└───┴───┴───┴───┴╴ ╶┴───┘

